{
"contracts/Multi_Signature.sol":{"l":{"35":41,"36":39,"40":27,"41":26,"45":26,"46":25,"50":22,"51":22,"55":33,"56":33,"62":33,"63":99,"65":99,"66":99,"68":99,"69":99,"72":33,"76":6,"84":12,"86":12,"96":12,"106":22,"107":22,"108":22,"110":22,"119":3,"121":3,"126":3,"128":3,"131":3,"133":3,"142":0,"144":0,"146":0,"147":0,"149":0,"153":1,"157":1,"171":1,"173":1},"path":"/home/appinventiv/Desktop/Multi_Sig_Wallet/contracts/Multi_Signature.sol","s":{"1":41,"2":27,"3":26,"4":22,"5":33,"6":33,"7":33,"8":99,"9":99,"10":99,"11":99,"12":12,"13":12,"14":12,"15":22,"16":22,"17":3,"18":3,"19":3,"20":3,"21":3,"22":0,"23":0,"24":0,"25":1,"26":1,"27":1,"28":1},"b":{"1":[39,2],"2":[26,1],"3":[25,1],"4":[22,0],"5":[33,0],"6":[33,0],"7":[99,0],"8":[99,0],"9":[12,1],"10":[22,0],"11":[22,0],"12":[22,0],"13":[22,0],"14":[5,1],"15":[4,1],"16":[3,1],"17":[3,0],"18":[3,0],"19":[0,0],"20":[0,0],"21":[0,0],"22":[0,0]},"f":{"1":41,"2":27,"3":26,"4":22,"5":33,"6":12,"7":22,"8":3,"9":0,"10":1,"11":1,"12":1},"fnMap":{"1":{"name":"onlyOwner","line":34,"loc":{"start":{"line":34,"column":4},"end":{"line":37,"column":4}}},"2":{"name":"txExists","line":39,"loc":{"start":{"line":39,"column":4},"end":{"line":42,"column":4}}},"3":{"name":"notExecuted","line":44,"loc":{"start":{"line":44,"column":4},"end":{"line":47,"column":4}}},"4":{"name":"notConfirmed","line":49,"loc":{"start":{"line":49,"column":4},"end":{"line":52,"column":4}}},"5":{"name":"constructor","line":54,"loc":{"start":{"line":54,"column":4},"end":{"line":73,"column":4}}},"6":{"name":"submitTransaction","line":83,"loc":{"start":{"line":79,"column":4},"end":{"line":97,"column":4}}},"7":{"name":"confirmTransaction","line":104,"loc":{"start":{"line":99,"column":4},"end":{"line":111,"column":4}}},"8":{"name":"executeTransaction","line":117,"loc":{"start":{"line":113,"column":4},"end":{"line":134,"column":4}}},"9":{"name":"revokeConfirmation","line":140,"loc":{"start":{"line":136,"column":4},"end":{"line":150,"column":4}}},"10":{"name":"getOwners","line":152,"loc":{"start":{"line":152,"column":4},"end":{"line":154,"column":4}}},"11":{"name":"getTransactionCount","line":156,"loc":{"start":{"line":156,"column":4},"end":{"line":158,"column":4}}},"12":{"name":"getTransaction","line":160,"loc":{"start":{"line":160,"column":4},"end":{"line":180,"column":4}}}},"statementMap":{"1":{"start":{"line":35,"column":8},"end":{"line":35,"column":48}},"2":{"start":{"line":40,"column":8},"end":{"line":40,"column":67}},"3":{"start":{"line":45,"column":8},"end":{"line":45,"column":71}},"4":{"start":{"line":50,"column":8},"end":{"line":50,"column":74}},"5":{"start":{"line":55,"column":8},"end":{"line":55,"column":53}},"6":{"start":{"line":56,"column":8},"end":{"line":56,"column":1604}},"7":{"start":{"line":62,"column":8},"end":{"line":62,"column":1794}},"8":{"start":{"line":63,"column":12},"end":{"line":63,"column":38}},"9":{"start":{"line":65,"column":12},"end":{"line":65,"column":56}},"10":{"start":{"line":66,"column":12},"end":{"line":66,"column":55}},"11":{"start":{"line":69,"column":12},"end":{"line":69,"column":29}},"12":{"start":{"line":84,"column":8},"end":{"line":84,"column":42}},"13":{"start":{"line":86,"column":8},"end":{"line":86,"column":2431}},"14":{"start":{"line":96,"column":8},"end":{"line":96,"column":71}},"15":{"start":{"line":106,"column":8},"end":{"line":106,"column":64}},"16":{"start":{"line":110,"column":8},"end":{"line":110,"column":53}},"17":{"start":{"line":119,"column":8},"end":{"line":119,"column":64}},"18":{"start":{"line":121,"column":8},"end":{"line":121,"column":3351}},"19":{"start":{"line":128,"column":8},"end":{"line":128,"column":3521}},"20":{"start":{"line":131,"column":8},"end":{"line":131,"column":36}},"21":{"start":{"line":133,"column":8},"end":{"line":133,"column":53}},"22":{"start":{"line":142,"column":8},"end":{"line":142,"column":64}},"23":{"start":{"line":144,"column":8},"end":{"line":144,"column":69}},"24":{"start":{"line":149,"column":8},"end":{"line":149,"column":53}},"25":{"start":{"line":153,"column":8},"end":{"line":153,"column":21}},"26":{"start":{"line":157,"column":8},"end":{"line":157,"column":34}},"27":{"start":{"line":171,"column":8},"end":{"line":171,"column":64}},"28":{"start":{"line":173,"column":8},"end":{"line":173,"column":4692}}},"branchMap":{"1":{"line":35,"type":"if","locations":[{"start":{"line":35,"column":8},"end":{"line":35,"column":8}},{"start":{"line":35,"column":8},"end":{"line":35,"column":8}}]},"2":{"line":40,"type":"if","locations":[{"start":{"line":40,"column":8},"end":{"line":40,"column":8}},{"start":{"line":40,"column":8},"end":{"line":40,"column":8}}]},"3":{"line":45,"type":"if","locations":[{"start":{"line":45,"column":8},"end":{"line":45,"column":8}},{"start":{"line":45,"column":8},"end":{"line":45,"column":8}}]},"4":{"line":50,"type":"if","locations":[{"start":{"line":50,"column":8},"end":{"line":50,"column":8}},{"start":{"line":50,"column":8},"end":{"line":50,"column":8}}]},"5":{"line":55,"type":"if","locations":[{"start":{"line":55,"column":8},"end":{"line":55,"column":8}},{"start":{"line":55,"column":8},"end":{"line":55,"column":8}}]},"6":{"line":56,"type":"if","locations":[{"start":{"line":56,"column":8},"end":{"line":56,"column":8}},{"start":{"line":56,"column":8},"end":{"line":56,"column":8}}]},"7":{"line":65,"type":"if","locations":[{"start":{"line":65,"column":12},"end":{"line":65,"column":12}},{"start":{"line":65,"column":12},"end":{"line":65,"column":12}}]},"8":{"line":66,"type":"if","locations":[{"start":{"line":66,"column":12},"end":{"line":66,"column":12}},{"start":{"line":66,"column":12},"end":{"line":66,"column":12}}]},"9":{"line":83,"type":"if","locations":[{"start":{"line":83,"column":13},"end":{"line":83,"column":13}},{"start":{"line":83,"column":13},"end":{"line":83,"column":13}}]},"10":{"line":101,"type":"if","locations":[{"start":{"line":101,"column":8},"end":{"line":101,"column":8}},{"start":{"line":101,"column":8},"end":{"line":101,"column":8}}]},"11":{"line":102,"type":"if","locations":[{"start":{"line":102,"column":8},"end":{"line":102,"column":8}},{"start":{"line":102,"column":8},"end":{"line":102,"column":8}}]},"12":{"line":103,"type":"if","locations":[{"start":{"line":103,"column":8},"end":{"line":103,"column":8}},{"start":{"line":103,"column":8},"end":{"line":103,"column":8}}]},"13":{"line":104,"type":"if","locations":[{"start":{"line":104,"column":8},"end":{"line":104,"column":8}},{"start":{"line":104,"column":8},"end":{"line":104,"column":8}}]},"14":{"line":115,"type":"if","locations":[{"start":{"line":115,"column":8},"end":{"line":115,"column":8}},{"start":{"line":115,"column":8},"end":{"line":115,"column":8}}]},"15":{"line":116,"type":"if","locations":[{"start":{"line":116,"column":8},"end":{"line":116,"column":8}},{"start":{"line":116,"column":8},"end":{"line":116,"column":8}}]},"16":{"line":117,"type":"if","locations":[{"start":{"line":117,"column":8},"end":{"line":117,"column":8}},{"start":{"line":117,"column":8},"end":{"line":117,"column":8}}]},"17":{"line":121,"type":"if","locations":[{"start":{"line":121,"column":8},"end":{"line":121,"column":8}},{"start":{"line":121,"column":8},"end":{"line":121,"column":8}}]},"18":{"line":131,"type":"if","locations":[{"start":{"line":131,"column":8},"end":{"line":131,"column":8}},{"start":{"line":131,"column":8},"end":{"line":131,"column":8}}]},"19":{"line":138,"type":"if","locations":[{"start":{"line":138,"column":8},"end":{"line":138,"column":8}},{"start":{"line":138,"column":8},"end":{"line":138,"column":8}}]},"20":{"line":139,"type":"if","locations":[{"start":{"line":139,"column":8},"end":{"line":139,"column":8}},{"start":{"line":139,"column":8},"end":{"line":139,"column":8}}]},"21":{"line":140,"type":"if","locations":[{"start":{"line":140,"column":8},"end":{"line":140,"column":8}},{"start":{"line":140,"column":8},"end":{"line":140,"column":8}}]},"22":{"line":144,"type":"if","locations":[{"start":{"line":144,"column":8},"end":{"line":144,"column":8}},{"start":{"line":144,"column":8},"end":{"line":144,"column":8}}]}}}}
