TN:
SF:/home/appinventiv/Desktop/Multi_Sig_Wallet/contracts/Multi_Signature.sol
FN:34,onlyOwner
FN:39,txExists
FN:44,notExecuted
FN:49,notConfirmed
FN:54,constructor
FN:83,submitTransaction
FN:104,confirmTransaction
FN:117,executeTransaction
FN:140,revokeConfirmation
FN:152,getOwners
FN:156,getTransactionCount
FN:160,getTransaction
FNF:12
FNH:11
FNDA:41,onlyOwner
FNDA:27,txExists
FNDA:26,notExecuted
FNDA:22,notConfirmed
FNDA:33,constructor
FNDA:12,submitTransaction
FNDA:22,confirmTransaction
FNDA:3,executeTransaction
FNDA:0,revokeConfirmation
FNDA:1,getOwners
FNDA:1,getTransactionCount
FNDA:1,getTransaction
DA:35,41
DA:36,39
DA:40,27
DA:41,26
DA:45,26
DA:46,25
DA:50,22
DA:51,22
DA:55,33
DA:56,33
DA:62,33
DA:63,99
DA:65,99
DA:66,99
DA:68,99
DA:69,99
DA:72,33
DA:76,6
DA:84,12
DA:86,12
DA:96,12
DA:106,22
DA:107,22
DA:108,22
DA:110,22
DA:119,3
DA:121,3
DA:126,3
DA:128,3
DA:131,3
DA:133,3
DA:142,0
DA:144,0
DA:146,0
DA:147,0
DA:149,0
DA:153,1
DA:157,1
DA:171,1
DA:173,1
LF:40
LH:35
BRDA:35,1,0,39
BRDA:35,1,1,2
BRDA:40,2,0,26
BRDA:40,2,1,1
BRDA:45,3,0,25
BRDA:45,3,1,1
BRDA:50,4,0,22
BRDA:50,4,1,0
BRDA:55,5,0,33
BRDA:55,5,1,0
BRDA:56,6,0,33
BRDA:56,6,1,0
BRDA:65,7,0,99
BRDA:65,7,1,0
BRDA:66,8,0,99
BRDA:66,8,1,0
BRDA:83,9,0,12
BRDA:83,9,1,1
BRDA:101,10,0,22
BRDA:101,10,1,0
BRDA:102,11,0,22
BRDA:102,11,1,0
BRDA:103,12,0,22
BRDA:103,12,1,0
BRDA:104,13,0,22
BRDA:104,13,1,0
BRDA:115,14,0,5
BRDA:115,14,1,1
BRDA:116,15,0,4
BRDA:116,15,1,1
BRDA:117,16,0,3
BRDA:117,16,1,1
BRDA:121,17,0,3
BRDA:121,17,1,0
BRDA:131,18,0,3
BRDA:131,18,1,0
BRDA:138,19,0,0
BRDA:138,19,1,0
BRDA:139,20,0,0
BRDA:139,20,1,0
BRDA:140,21,0,0
BRDA:140,21,1,0
BRDA:144,22,0,0
BRDA:144,22,1,0
BRF:44
BRH:25
end_of_record
